This file contains any messages produced by compilers while
running configure, to aid debugging if configure makes a mistake.

It was created by crun configure 0.1.1, which was
generated by GNU Autoconf 2.61.  Invocation command line was

  $ ./configure --enable-maintainer-mode --no-create --no-recursion

## --------- ##
## Platform. ##
## --------- ##

hostname = kandula
uname -m = i686
uname -r = 2.6.23-ARCH
uname -s = Linux
uname -v = #1 SMP PREEMPT Sun Nov 18 07:43:05 UTC 2007

/usr/bin/uname -p = unknown
/bin/uname -X     = unknown

/bin/arch              = i686
/usr/bin/arch -k       = unknown
/usr/convex/getsysinfo = unknown
/usr/bin/hostinfo      = unknown
/bin/machine           = unknown
/usr/bin/oslevel       = unknown
/bin/universe          = unknown

PATH: /bin
PATH: /usr/bin
PATH: /sbin
PATH: /usr/sbin
PATH: /usr/X11R6/bin
PATH: /opt/bin
PATH: /opt/eclipse
PATH: /opt/java/bin
PATH: /opt/java/jre/bin
PATH: /opt/mozilla/bin
PATH: /opt/torcs/bin


## ----------- ##
## Core tests. ##
## ----------- ##

configure:1742: checking for a BSD-compatible install
configure:1798: result: /bin/install -c
configure:1809: checking whether build environment is sane
configure:1852: result: yes
configure:1880: checking for a thread-safe mkdir -p
configure:1919: result: /bin/mkdir -p
configure:1932: checking for gawk
configure:1948: found /bin/gawk
configure:1959: result: gawk
configure:1970: checking whether make sets $(MAKE)
configure:1991: result: yes
configure:2181: checking whether to enable maintainer-specific portions of Makefiles
configure:2190: result: yes
configure:2216: checking for style of include used by make
configure:2244: result: GNU
configure:2314: checking for gcc
configure:2330: found /usr/bin/gcc
configure:2341: result: gcc
configure:2579: checking for C compiler version
configure:2586: gcc --version >&5
gcc (GCC) 4.2.2
Copyright (C) 2007 Free Software Foundation, Inc.
This is free software; see the source for copying conditions.  There is NO
warranty; not even for MERCHANTABILITY or FITNESS FOR A PARTICULAR PURPOSE.

configure:2589: $? = 0
configure:2596: gcc -v >&5
Using built-in specs.
Target: i686-pc-linux-gnu
Configured with: ../configure --prefix=/usr --enable-shared --enable-languages=c,c++,objc --enable-threads=posix --enable-__cxa_atexit --disable-multilib --libdir=/usr/lib --libexecdir=/usr/lib --enable-clocale=gnu --disable-libstdcxx-pch --with-tune=generic
Thread model: posix
gcc version 4.2.2
configure:2599: $? = 0
configure:2606: gcc -V >&5
gcc: '-V' option must have argument
configure:2609: $? = 1
configure:2632: checking for C compiler default output file name
configure:2659: gcc    conftest.c  >&5
configure:2662: $? = 0
configure:2700: result: a.out
configure:2717: checking whether the C compiler works
configure:2727: ./a.out
configure:2730: $? = 0
configure:2747: result: yes
configure:2754: checking whether we are cross compiling
configure:2756: result: no
configure:2759: checking for suffix of executables
configure:2766: gcc -o conftest    conftest.c  >&5
configure:2769: $? = 0
configure:2793: result: 
configure:2799: checking for suffix of object files
configure:2825: gcc -c   conftest.c >&5
configure:2828: $? = 0
configure:2851: result: o
configure:2855: checking whether we are using the GNU C compiler
configure:2884: gcc -c   conftest.c >&5
configure:2890: $? = 0
configure:2907: result: yes
configure:2912: checking whether gcc accepts -g
configure:2942: gcc -c -g  conftest.c >&5
configure:2948: $? = 0
configure:3047: result: yes
configure:3064: checking for gcc option to accept ISO C89
configure:3138: gcc  -c -g -O2  conftest.c >&5
configure:3144: $? = 0
configure:3167: result: none needed
configure:3187: checking dependency style of gcc
configure:3278: result: gcc3
configure:3294: checking for library containing strerror
configure:3335: gcc -o conftest -g -O2   conftest.c  >&5
configure:3341: $? = 0
configure:3369: result: none required
configure:3425: checking for gcc
configure:3452: result: gcc
configure:3690: checking for C compiler version
configure:3697: gcc --version >&5
gcc (GCC) 4.2.2
Copyright (C) 2007 Free Software Foundation, Inc.
This is free software; see the source for copying conditions.  There is NO
warranty; not even for MERCHANTABILITY or FITNESS FOR A PARTICULAR PURPOSE.

configure:3700: $? = 0
configure:3707: gcc -v >&5
Using built-in specs.
Target: i686-pc-linux-gnu
Configured with: ../configure --prefix=/usr --enable-shared --enable-languages=c,c++,objc --enable-threads=posix --enable-__cxa_atexit --disable-multilib --libdir=/usr/lib --libexecdir=/usr/lib --enable-clocale=gnu --disable-libstdcxx-pch --with-tune=generic
Thread model: posix
gcc version 4.2.2
configure:3710: $? = 0
configure:3717: gcc -V >&5
gcc: '-V' option must have argument
configure:3720: $? = 1
configure:3723: checking whether we are using the GNU C compiler
configure:3775: result: yes
configure:3780: checking whether gcc accepts -g
configure:3915: result: yes
configure:3932: checking for gcc option to accept ISO C89
configure:4035: result: none needed
configure:4055: checking dependency style of gcc
configure:4146: result: gcc3
configure:4209: checking for gcc
configure:4236: result: gcc
configure:4474: checking for C compiler version
configure:4481: gcc --version >&5
gcc (GCC) 4.2.2
Copyright (C) 2007 Free Software Foundation, Inc.
This is free software; see the source for copying conditions.  There is NO
warranty; not even for MERCHANTABILITY or FITNESS FOR A PARTICULAR PURPOSE.

configure:4484: $? = 0
configure:4491: gcc -v >&5
Using built-in specs.
Target: i686-pc-linux-gnu
Configured with: ../configure --prefix=/usr --enable-shared --enable-languages=c,c++,objc --enable-threads=posix --enable-__cxa_atexit --disable-multilib --libdir=/usr/lib --libexecdir=/usr/lib --enable-clocale=gnu --disable-libstdcxx-pch --with-tune=generic
Thread model: posix
gcc version 4.2.2
configure:4494: $? = 0
configure:4501: gcc -V >&5
gcc: '-V' option must have argument
configure:4504: $? = 1
configure:4507: checking whether we are using the GNU C compiler
configure:4559: result: yes
configure:4564: checking whether gcc accepts -g
configure:4699: result: yes
configure:4716: checking for gcc option to accept ISO C89
configure:4819: result: none needed
configure:4839: checking dependency style of gcc
configure:4930: result: gcc3
configure:4953: checking how to run the C preprocessor
configure:4993: gcc -E  conftest.c
configure:4999: $? = 0
configure:5030: gcc -E  conftest.c
conftest.c:10:28: error: ac_nonexistent.h: No such file or directory
configure:5036: $? = 1
configure: failed program was:
| /* confdefs.h.  */
| #define PACKAGE_NAME "crun"
| #define PACKAGE_TARNAME "crun"
| #define PACKAGE_VERSION "0.1.1"
| #define PACKAGE_STRING "crun 0.1.1"
| #define PACKAGE_BUGREPORT "http://code.google.com/p/koolkit/"
| #define PACKAGE "crun"
| #define VERSION "0.1.1"
| /* end confdefs.h.  */
| #include <ac_nonexistent.h>
configure:5069: result: gcc -E
configure:5098: gcc -E  conftest.c
configure:5104: $? = 0
configure:5135: gcc -E  conftest.c
conftest.c:10:28: error: ac_nonexistent.h: No such file or directory
configure:5141: $? = 1
configure: failed program was:
| /* confdefs.h.  */
| #define PACKAGE_NAME "crun"
| #define PACKAGE_TARNAME "crun"
| #define PACKAGE_VERSION "0.1.1"
| #define PACKAGE_STRING "crun 0.1.1"
| #define PACKAGE_BUGREPORT "http://code.google.com/p/koolkit/"
| #define PACKAGE "crun"
| #define VERSION "0.1.1"
| /* end confdefs.h.  */
| #include <ac_nonexistent.h>
configure:5179: checking for grep that handles long lines and -e
configure:5253: result: /bin/grep
configure:5258: checking for egrep
configure:5336: result: /bin/grep -E
configure:5341: checking for ANSI C header files
configure:5371: gcc -c -g -O2  conftest.c >&5
configure:5377: $? = 0
configure:5476: gcc -o conftest -g -O2   conftest.c  >&5
configure:5479: $? = 0
configure:5485: ./conftest
configure:5488: $? = 0
configure:5505: result: yes
configure:5659: creating ./config.status

## ---------------- ##
## Cache variables. ##
## ---------------- ##

ac_cv_c_compiler_gnu=yes
ac_cv_env_CC_set=
ac_cv_env_CC_value=
ac_cv_env_CFLAGS_set=
ac_cv_env_CFLAGS_value=
ac_cv_env_CPPFLAGS_set=
ac_cv_env_CPPFLAGS_value=
ac_cv_env_CPP_set=
ac_cv_env_CPP_value=
ac_cv_env_LDFLAGS_set=
ac_cv_env_LDFLAGS_value=
ac_cv_env_LIBS_set=
ac_cv_env_LIBS_value=
ac_cv_env_build_alias_set=
ac_cv_env_build_alias_value=
ac_cv_env_host_alias_set=
ac_cv_env_host_alias_value=
ac_cv_env_target_alias_set=
ac_cv_env_target_alias_value=
ac_cv_header_stdc=yes
ac_cv_objext=o
ac_cv_path_EGREP='/bin/grep -E'
ac_cv_path_GREP=/bin/grep
ac_cv_path_install='/bin/install -c'
ac_cv_path_mkdir=/bin/mkdir
ac_cv_prog_AWK=gawk
ac_cv_prog_CPP='gcc -E'
ac_cv_prog_ac_ct_CC=gcc
ac_cv_prog_cc_c89=
ac_cv_prog_cc_g=yes
ac_cv_prog_make_make_set=yes
ac_cv_search_strerror='none required'
am_cv_CC_dependencies_compiler_type=gcc3
am_cv_prog_cc_stdc=

## ----------------- ##
## Output variables. ##
## ----------------- ##

ACLOCAL='${SHELL} /home/kesara/Projects/crun/missing --run aclocal-1.10'
AMDEPBACKSLASH='\'
AMDEP_FALSE='#'
AMDEP_TRUE=''
AMTAR='${SHELL} /home/kesara/Projects/crun/missing --run tar'
AUTOCONF='${SHELL} /home/kesara/Projects/crun/missing --run autoconf'
AUTOHEADER='${SHELL} /home/kesara/Projects/crun/missing --run autoheader'
AUTOMAKE='${SHELL} /home/kesara/Projects/crun/missing --run automake-1.10'
AWK='gawk'
CC='gcc'
CCDEPMODE='depmode=gcc3'
CFLAGS='-g -O2'
CPP='gcc -E'
CPPFLAGS=''
CYGPATH_W='echo'
DEFS='-DHAVE_CONFIG_H'
DEPDIR='.deps'
ECHO_C=''
ECHO_N='-n'
ECHO_T=''
EGREP='/bin/grep -E'
EXEEXT=''
GREP='/bin/grep'
INSTALL_DATA='${INSTALL} -m 644'
INSTALL_PROGRAM='${INSTALL}'
INSTALL_SCRIPT='${INSTALL}'
INSTALL_STRIP_PROGRAM='$(install_sh) -c -s'
LDFLAGS=''
LIBOBJS=''
LIBS=''
LTLIBOBJS=''
MAINT=''
MAINTAINER_MODE_FALSE='#'
MAINTAINER_MODE_TRUE=''
MAKEINFO='${SHELL} /home/kesara/Projects/crun/missing --run makeinfo'
OBJEXT='o'
PACKAGE='crun'
PACKAGE_BUGREPORT='http://code.google.com/p/koolkit/'
PACKAGE_NAME='crun'
PACKAGE_STRING='crun 0.1.1'
PACKAGE_TARNAME='crun'
PACKAGE_VERSION='0.1.1'
PATH_SEPARATOR=':'
SET_MAKE=''
SHELL='/bin/sh'
STRIP=''
VERSION='0.1.1'
ac_ct_CC='gcc'
am__fastdepCC_FALSE='#'
am__fastdepCC_TRUE=''
am__include='include'
am__isrc=''
am__leading_dot='.'
am__quote=''
am__tar='${AMTAR} chof - "$$tardir"'
am__untar='${AMTAR} xf -'
bindir='${exec_prefix}/bin'
build_alias=''
datadir='${datarootdir}'
datarootdir='${prefix}/share'
docdir='${datarootdir}/doc/${PACKAGE_TARNAME}'
dvidir='${docdir}'
exec_prefix='${prefix}'
host_alias=''
htmldir='${docdir}'
includedir='${prefix}/include'
infodir='${datarootdir}/info'
install_sh='$(SHELL) /home/kesara/Projects/crun/install-sh'
libdir='${exec_prefix}/lib'
libexecdir='${exec_prefix}/libexec'
localedir='${datarootdir}/locale'
localstatedir='${prefix}/var'
mandir='${datarootdir}/man'
mkdir_p='/bin/mkdir -p'
oldincludedir='/usr/include'
pdfdir='${docdir}'
prefix='/usr/local'
program_transform_name='s,x,x,'
psdir='${docdir}'
sbindir='${exec_prefix}/sbin'
sharedstatedir='${prefix}/com'
sysconfdir='${prefix}/etc'
target_alias=''

## ----------- ##
## confdefs.h. ##
## ----------- ##

#define PACKAGE_NAME "crun"
#define PACKAGE_TARNAME "crun"
#define PACKAGE_VERSION "0.1.1"
#define PACKAGE_STRING "crun 0.1.1"
#define PACKAGE_BUGREPORT "http://code.google.com/p/koolkit/"
#define PACKAGE "crun"
#define VERSION "0.1.1"
#define STDC_HEADERS 1

configure: exit 0

## ---------------------- ##
## Running config.status. ##
## ---------------------- ##

This file was extended by crun config.status 0.1.1, which was
generated by GNU Autoconf 2.61.  Invocation command line was

  CONFIG_FILES    = 
  CONFIG_HEADERS  = 
  CONFIG_LINKS    = 
  CONFIG_COMMANDS = 
  $ ./config.status 

on kandula

config.status:638: creating Makefile
config.status:638: creating config.h
config.status:901: executing depfiles commands
